Drill report for /home/andrey/Рабочий стол/PowerBank_no_1/StepDown.kicad_pcb
Created on Пт 14 июл 2017 18:39:56

Copper Layer Stackup:
    =============================================================
    L1 :  F.Cu                      front
    L2 :  B.Cu                      back


Drill file 'StepDown.drl' contains
    plated through holes:
    =============================================================
    T1  0,80mm  0,031"  (20 holes)
    T2  1,00mm  0,039"  (60 holes)
    T3  1,00mm  0,039"  (16 holes)
    T4  1,35mm  0,053"  (16 holes)
    T5  1,52mm  0,060"  (2 holes)
    T6  1,60mm  0,063"  (8 holes)
    T7  2,30mm  0,091"  (4 holes)
    T8  2,30mm  0,091"  (4 holes)

    Total plated holes count 130


Drill file 'StepDown-NPTH.drl' contains
    unplated through holes:
    =============================================================

    Total unplated holes count 0
